Arguments: 
  C:\Program Files\nodejs\node.exe C:\Users\91837\AppData\Roaming\npm\node_modules\yarn\bin\yarn.js add peer

PATH: 
  C:\Program Files\Git\mingw64\bin;C:\Program Files\Git\usr\bin;C:\Users\91837\bin;C:\oraclexe\app\oracle\product\10.2.0\server\bin;C:\Program Files\Common Files\Oracle\Java\javapath;C:\WINDOWS\system32;C:\WINDOWS;C:\WINDOWS\System32\Wbem;C:\WINDOWS\System32\WindowsPowerShell\v1.0;C:\WINDOWS\System32\OpenSSH;C:\Program Files\nodejs;C:\MinGW\bin;C:\MinGW\msys\1.0\bin;C:\Program Files\Git\cmd;C:\windows\system32;C:\Users\91837\AppData\Local\Programs\Python\Python39\Scripts;C:\Users\91837\AppData\Local\Programs\Python\Python39;C:\Users\91837\AppData\Local\Microsoft\WindowsApps;C:\Users\91837\AppData\Local\Programs\Microsoft VS Code\bin;C:\Users\91837\AppData\Roaming\npm;C:\Users\91837\AppData\Local\GitHubDesktop\bin;C:\Program Files\JetBrains\PyCharm Community Edition 2020.2.4\bin;C:\Program Files\MongoDB\Server\4.4\bin;C:\Program Files\heroku\bin

Yarn version: 
  1.22.10

Node version: 
  14.9.0

Platform: 
  win32 x64

Trace: 
  Error: EPERM: operation not permitted, unlink 'C:\Users\91837\OneDrive\Desktop\projects\socialMedia\node_modules\bcrypt\lib\binding\napi-v3\bcrypt_lib.node'

npm manifest: 
  {
    "name": "socialMedia",
    "version": "1.0.0",
    "description": "",
    "main": "server.js",
    "scripts": {
      "dev": "nodemon server.js"
    },
    "keywords": [],
    "author": "",
    "license": "ISC",
    "dependencies": {
      "bcrypt": "^5.0.1",
      "cookie-parser": "^1.4.5",
      "cors": "^2.8.5",
      "dotenv": "^10.0.0",
      "express": "^4.17.1",
      "jsonwebtoken": "^8.5.1",
      "mongoose": "^5.12.14",
      "socket.io": "^4.1.3"
    },
    "devDependencies": {
      "nodemon": "^2.0.7"
    }
  }

yarn manifest: 
  No manifest

Lockfile: 
  No lockfile
